
****** PlanAhead v14.7
  **** Build 321239 by xbuild on Fri Sep 27 19:31:35 MDT 2013
    ** Copyright 1986-1999, 2001-2013 Xilinx, Inc. All Rights Reserved.

INFO: [Common 17-78] Attempting to get a license: PlanAhead
INFO: [Common 17-290] Got license for PlanAhead
INFO: [Device 21-36] Loading parts and site information from C:/Xilinx/Xilinx/14.7/ISE_DS/PlanAhead/data/parts/arch.xml
Parsing RTL primitives file [C:/Xilinx/Xilinx/14.7/ISE_DS/PlanAhead/data/parts/xilinx/rtl/prims/rtl_prims.xml]
Finished parsing RTL primitives file [C:/Xilinx/Xilinx/14.7/ISE_DS/PlanAhead/data/parts/xilinx/rtl/prims/rtl_prims.xml]
start_gui
source C:/Users/cal/Desktop/School/CST345/CST345_lab01/pa.fromHdl.tcl
# create_project -name CST345_lab01 -dir "C:/Users/cal/Desktop/School/CST345/CST345_lab01/planAhead_run_3" -part xc6slx16csg324-3
# set_param project.pinAheadLayout yes
# set srcset [get_property srcset [current_run -impl]]
# set_property target_constrs_file "adder.ucf" [current_fileset -constrset]
Adding file 'C:/Users/cal/Desktop/School/CST345/CST345_lab01/adder.ucf' to fileset 'constrs_1'
# set hdlfile [add_files [list {adder.v}]]
# set_property file_type Verilog $hdlfile
# set_property library work $hdlfile
# set_property top adder $srcset
# add_files [list {adder.ucf}] -fileset [get_property constrset [current_run]]
# open_rtl_design -part xc6slx16csg324-3
Using Verific elaboration
Parsing VHDL file "C:/Xilinx/Xilinx/14.7/ISE_DS/PlanAhead/data/parts/xilinx/rtl/lib/synplify/synattr.vhd" into library synplify
Analyzing Verilog file "C:/Users/cal/Desktop/School/CST345/CST345_lab01/adder.v" into library work
Loading clock regions from C:/Xilinx/Xilinx/14.7/ISE_DS/PlanAhead/data\parts/xilinx/spartan6/spartan6lx/xc6slx16/ClockRegion.xml
Loading clock buffers from C:/Xilinx/Xilinx/14.7/ISE_DS/PlanAhead/data\parts/xilinx/spartan6/spartan6lx/xc6slx16/ClockBuffers.xml
Loading package pin functions from C:/Xilinx/Xilinx/14.7/ISE_DS/PlanAhead/data\parts/xilinx/spartan6/PinFunctions.xml...
Loading package from C:/Xilinx/Xilinx/14.7/ISE_DS/PlanAhead/data\parts/xilinx/spartan6/spartan6lx/xc6slx16/csg324/Package.xml
Loading io standards from C:/Xilinx/Xilinx/14.7/ISE_DS/PlanAhead/data\./parts/xilinx/spartan6/IOStandards.xml
Loading device configuration modes from C:/Xilinx/Xilinx/14.7/ISE_DS/PlanAhead/data\parts/xilinx/spartan6/ConfigModes.xml
Loading list of drcs for the architecture : C:/Xilinx/Xilinx/14.7/ISE_DS/PlanAhead/data\./parts/xilinx/spartan6/drc.xml
Parsing UCF File [C:/Users/cal/Desktop/School/CST345/CST345_lab01/adder.ucf]
Finished Parsing UCF File [C:/Users/cal/Desktop/School/CST345/CST345_lab01/adder.ucf]
INFO: [Project 1-111] Unisim Transformation Summary:
No Unisim elements were transformed.

Phase 0 | Netlist Checksum: f6c1c39a
open_rtl_design: Time (s): elapsed = 00:00:09 . Memory (MB): peak = 531.645 ; gain = 107.281
update_compile_order -fileset sim_1
set_property package_pin "" [get_ports [list  {a[2]}]]
set_property iostandard LVCMOS25 [get_ports [list {a[3]} {a[2]} {a[1]} {a[0]}]]
set_property iostandard {} [get_ports [list {a[3]} {a[2]} {a[1]} {a[0]}]]
startgroup
set_property package_pin N11 [get_ports {a[2]}]
set_property package_pin V12 [get_ports {a[3]}]
set_property package_pin T8 [get_ports {a[0]}]
set_property package_pin T10 [get_ports {a[1]}]
endgroup
startgroup
set_property package_pin T10 [get_ports {a[1]}]
endgroup
startgroup
set_property package_pin N11 [get_ports {a[2]}]
endgroup
startgroup
set_property package_pin M8 [get_ports {a[3]}]
endgroup
startgroup
set_property package_pin V9 [get_ports {a[2]}]
endgroup
startgroup
set_property package_pin T9 [get_ports {a[1]}]
endgroup
startgroup
set_property package_pin T10 [get_ports {a[0]}]
endgroup
startgroup
set_property package_pin T9 [get_ports {a[1]}]
endgroup
startgroup
set_property package_pin V9 [get_ports {a[2]}]
endgroup
startgroup
set_property package_pin T5 [get_ports {b[3]}]
endgroup
startgroup
set_property package_pin V8 [get_ports {b[2]}]
endgroup
startgroup
set_property package_pin U8 [get_ports {b[1]}]
endgroup
startgroup
set_property package_pin N8 [get_ports {b[0]}]
endgroup
startgroup
set_property package_pin A2 [get_ports {b[1]}]
endgroup
startgroup
set_property package_pin N8 [get_ports {b[0]}]
endgroup
startgroup
set_property package_pin U8 [get_ports {b[1]}]
endgroup
startgroup
set_property package_pin V15 [get_ports {sum[3]}]
endgroup
startgroup
set_property package_pin U15 [get_ports {sum[2]}]
endgroup
startgroup
set_property package_pin V16 [get_ports {sum[1]}]
endgroup
startgroup
set_property package_pin U16 [get_ports {sum[0]}]
endgroup
startgroup
set_property package_pin T11 [get_ports cout]
endgroup
startgroup
set_property package_pin U16 [get_ports {sum[0]}]
endgroup
startgroup
set_property package_pin U16 [get_ports {sum[0]}]
endgroup
startgroup
set_property package_pin T11 [get_ports cout]
endgroup
save_constraints
exit
ERROR: [Common 17-39] 'stop_gui' failed due to earlier errors.
INFO: [Common 17-206] Exiting PlanAhead at Sat Jan 17 02:35:37 2015...
INFO: [Common 17-83] Releasing license: PlanAhead
