--------------------------------------------------------------------------------
Release 14.7 Trace  (nt64)
Copyright (c) 1995-2013 Xilinx, Inc.  All rights reserved.

C:\Xilinx\Xilinx\14.7\ISE_DS\ISE\bin\nt64\unwrapped\trce.exe -intstyle ise -v 3
-s 3 -n 3 -fastpaths -xml adder.twx adder.ncd -o adder.twr adder.pcf -ucf
adder.ucf

Design file:              adder.ncd
Physical constraint file: adder.pcf
Device,package,speed:     xc6slx16,csg324,C,-3 (PRODUCTION 1.23 2013-10-13)
Report level:             verbose report

Environment Variable      Effect 
--------------------      ------ 
NONE                      No environment variables were set
--------------------------------------------------------------------------------

INFO:Timing:2698 - No timing constraints found, doing default enumeration.
INFO:Timing:3412 - To improve timing, see the Timing Closure User Guide (UG612).
INFO:Timing:2752 - To get complete path coverage, use the unconstrained paths 
   option. All paths that are not constrained will be reported in the 
   unconstrained paths section(s) of the report.
INFO:Timing:3339 - The clock-to-out numbers in this timing report are based on 
   a 50 Ohm transmission line loading model.  For the details of this model, 
   and for more information on accounting for different loading conditions, 
   please see the device datasheet.



Data Sheet report:
-----------------
All values displayed in nanoseconds (ns)

Pad to Pad
---------------+---------------+---------+
Source Pad     |Destination Pad|  Delay  |
---------------+---------------+---------+
a<0>           |cout           |    7.800|
a<0>           |sum<0>         |    7.286|
a<0>           |sum<1>         |    7.333|
a<0>           |sum<2>         |    7.682|
a<0>           |sum<3>         |    8.065|
a<1>           |cout           |    7.778|
a<1>           |sum<1>         |    7.758|
a<1>           |sum<2>         |    7.337|
a<1>           |sum<3>         |    8.043|
a<2>           |cout           |    7.797|
a<2>           |sum<2>         |    7.165|
a<2>           |sum<3>         |    8.062|
a<3>           |cout           |    7.153|
a<3>           |sum<3>         |    7.418|
b<0>           |cout           |    7.712|
b<0>           |sum<0>         |    7.966|
b<0>           |sum<1>         |    8.013|
b<0>           |sum<2>         |    7.361|
b<0>           |sum<3>         |    7.977|
b<1>           |cout           |    7.360|
b<1>           |sum<1>         |    7.761|
b<1>           |sum<2>         |    7.629|
b<1>           |sum<3>         |    7.625|
b<2>           |cout           |    7.528|
b<2>           |sum<2>         |    7.605|
b<2>           |sum<3>         |    7.793|
b<3>           |cout           |    7.502|
b<3>           |sum<3>         |    7.767|
---------------+---------------+---------+


Analysis completed Sat Jan 17 02:56:48 2015 
--------------------------------------------------------------------------------

Trace Settings:
-------------------------
Trace Settings 

Peak Memory Usage: 241 MB



