Running: C:\Xilinx\Xilinx\14.7\ISE_DS\ISE\bin\nt64\unwrapped\fuse.exe -intstyle ise -incremental -lib unisims_ver -lib unimacro_ver -lib xilinxcorelib_ver -lib secureip -o C:/Users/cal/Desktop/School/CST345/CST345_lab01/test_adder_isim_beh.exe -prj C:/Users/cal/Desktop/School/CST345/CST345_lab01/test_adder_beh.prj work.test_adder work.glbl 
ISim P.20131013 (signature 0x7708f090)
Number of CPUs detected in this system: 8
Turning on mult-threading, number of parallel sub-compilation jobs: 16 
Determining compilation order of HDL files
Analyzing Verilog file "C:/Users/cal/Desktop/School/CST345/CST345_lab01/adder.v" into library work
Analyzing Verilog file "C:/Users/cal/Desktop/School/CST345/CST345_lab01/test_adder.v" into library work
WARNING:HDLCompiler:485 - "C:/Users/cal/Desktop/School/CST345/CST345_lab01/test_adder.v" Line 51: Illegal format specifier a for display
WARNING:HDLCompiler:485 - "C:/Users/cal/Desktop/School/CST345/CST345_lab01/test_adder.v" Line 58: Illegal format specifier a for display
WARNING:HDLCompiler:485 - "C:/Users/cal/Desktop/School/CST345/CST345_lab01/test_adder.v" Line 65: Illegal format specifier a for display
Analyzing Verilog file "C:/Xilinx/Xilinx/14.7/ISE_DS/ISE//verilog/src/glbl.v" into library work
Starting static elaboration
Completed static elaboration
Compiling module adder
Compiling module test_adder
Compiling module glbl
Time Resolution for simulation is 1ps.
Waiting for 1 sub-compilation(s) to finish...
Compiled 3 Verilog Units
Built simulation executable C:/Users/cal/Desktop/School/CST345/CST345_lab01/test_adder_isim_beh.exe
Fuse Memory Usage: 26200 KB
Fuse CPU Usage: 358 ms
