21:00:23.916 INFO  - Processing command line option -hwspec C:\Users\mainuser\Desktop\School\CST345\FinalTry7\BSB\SDK\SDK_Export\hw\system.xml. 
21:06:02.199 ERROR - FPGA Configuration failed.Connection to Board Failed


    Failed to Open JTAG Cable
    Unknown Error
 
21:06:23.047 WARN  - Terminating existing sessions on processor microblaze_0 
21:06:26.270 INFO  - FPGA configured successfully with bitstream "C:/Users/mainuser/Desktop/School/CST345/FinalTry7/SDKWorkspace/BSB_hw_platform/download.bit" 
21:07:21.543 INFO  - microblaze_0 Processor is in use. Please stop existing Run or Debug sessions before launching. 
21:16:47.527 INFO  - microblaze_0 Processor is in use. Please stop existing Run or Debug sessions before launching. 
21:17:37.871 INFO  - microblaze_0 Processor is in use. Please stop existing Run or Debug sessions before launching. 
21:24:15.485 INFO  - microblaze_0 Processor is in use. Please stop existing Run or Debug sessions before launching. 
21:58:52.631 INFO  - microblaze_0 Processor is in use. Please stop existing Run or Debug sessions before launching. 
22:00:29.959 INFO  - microblaze_0 Processor is in use. Please stop existing Run or Debug sessions before launching. 
22:00:47.558 INFO  - microblaze_0 Processor is in use. Please stop existing Run or Debug sessions before launching. 
22:01:14.576 INFO  - microblaze_0 Processor is in use. Please stop existing Run or Debug sessions before launching. 
22:22:46.523 INFO  - microblaze_0 Processor is in use. Please stop existing Run or Debug sessions before launching. 
22:23:57.372 INFO  - microblaze_0 Processor is in use. Please stop existing Run or Debug sessions before launching. 
22:24:23.065 INFO  - microblaze_0 Processor is in use. Please stop existing Run or Debug sessions before launching. 
22:24:50.243 INFO  - microblaze_0 Processor is in use. Please stop existing Run or Debug sessions before launching. 
22:25:18.886 INFO  - microblaze_0 Processor is in use. Please stop existing Run or Debug sessions before launching. 
22:28:12.384 INFO  - microblaze_0 Processor is in use. Please stop existing Run or Debug sessions before launching. 
22:30:16.487 INFO  - microblaze_0 Processor is in use. Please stop existing Run or Debug sessions before launching. 
22:50:43.567 INFO  - microblaze_0 Processor is in use. Please stop existing Run or Debug sessions before launching. 
22:54:03.918 INFO  - microblaze_0 Processor is in use. Please stop existing Run or Debug sessions before launching. 
22:54:43.696 INFO  - microblaze_0 Processor is in use. Please stop existing Run or Debug sessions before launching. 
22:57:58.290 INFO  - microblaze_0 Processor is in use. Please stop existing Run or Debug sessions before launching. 
23:04:55.593 INFO  - microblaze_0 Processor is in use. Please stop existing Run or Debug sessions before launching. 
23:06:58.840 INFO  - microblaze_0 Processor is in use. Please stop existing Run or Debug sessions before launching. 
23:07:59.658 INFO  - microblaze_0 Processor is in use. Please stop existing Run or Debug sessions before launching. 
23:08:43.181 INFO  - microblaze_0 Processor is in use. Please stop existing Run or Debug sessions before launching. 
23:09:10.139 INFO  - microblaze_0 Processor is in use. Please stop existing Run or Debug sessions before launching. 
23:10:09.498 INFO  - microblaze_0 Processor is in use. Please stop existing Run or Debug sessions before launching. 
23:14:00.196 INFO  - microblaze_0 Processor is in use. Please stop existing Run or Debug sessions before launching. 
23:14:24.739 INFO  - microblaze_0 Processor is in use. Please stop existing Run or Debug sessions before launching. 
23:15:49.132 INFO  - microblaze_0 Processor is in use. Please stop existing Run or Debug sessions before launching. 
23:17:06.565 INFO  - microblaze_0 Processor is in use. Please stop existing Run or Debug sessions before launching. 
23:17:25.703 INFO  - microblaze_0 Processor is in use. Please stop existing Run or Debug sessions before launching. 
23:19:28.911 INFO  - microblaze_0 Processor is in use. Please stop existing Run or Debug sessions before launching. 
23:50:18.697 INFO  - microblaze_0 Processor is in use. Please stop existing Run or Debug sessions before launching. 
23:57:01.405 INFO  - microblaze_0 Processor is in use. Please stop existing Run or Debug sessions before launching. 
00:01:02.954 INFO  - microblaze_0 Processor is in use. Please stop existing Run or Debug sessions before launching. 
00:03:38.822 INFO  - microblaze_0 Processor is in use. Please stop existing Run or Debug sessions before launching. 
00:11:32.776 INFO  - microblaze_0 Processor is in use. Please stop existing Run or Debug sessions before launching. 
00:12:23.719 INFO  - microblaze_0 Processor is in use. Please stop existing Run or Debug sessions before launching. 
00:16:33.156 INFO  - microblaze_0 Processor is in use. Please stop existing Run or Debug sessions before launching. 
00:30:56.844 INFO  - microblaze_0 Processor is in use. Please stop existing Run or Debug sessions before launching. 
00:32:17.367 INFO  - microblaze_0 Processor is in use. Please stop existing Run or Debug sessions before launching. 
00:33:57.799 INFO  - microblaze_0 Processor is in use. Please stop existing Run or Debug sessions before launching. 
00:41:44.848 INFO  - microblaze_0 Processor is in use. Please stop existing Run or Debug sessions before launching. 
00:44:18.306 INFO  - microblaze_0 Processor is in use. Please stop existing Run or Debug sessions before launching. 
00:52:51.944 INFO  - microblaze_0 Processor is in use. Please stop existing Run or Debug sessions before launching. 
00:54:08.288 INFO  - microblaze_0 Processor is in use. Please stop existing Run or Debug sessions before launching. 
00:54:51.111 INFO  - microblaze_0 Processor is in use. Please stop existing Run or Debug sessions before launching. 
01:06:06.260 INFO  - microblaze_0 Processor is in use. Please stop existing Run or Debug sessions before launching. 
01:09:36.393 INFO  - microblaze_0 Processor is in use. Please stop existing Run or Debug sessions before launching. 
01:10:28.426 INFO  - microblaze_0 Processor is in use. Please stop existing Run or Debug sessions before launching. 
01:12:13.609 INFO  - microblaze_0 Processor is in use. Please stop existing Run or Debug sessions before launching. 
01:13:23.622 INFO  - microblaze_0 Processor is in use. Please stop existing Run or Debug sessions before launching. 
01:15:13.860 INFO  - microblaze_0 Processor is in use. Please stop existing Run or Debug sessions before launching. 
01:16:32.903 INFO  - microblaze_0 Processor is in use. Please stop existing Run or Debug sessions before launching. 
01:17:16.571 INFO  - microblaze_0 Processor is in use. Please stop existing Run or Debug sessions before launching. 
01:18:09.160 INFO  - microblaze_0 Processor is in use. Please stop existing Run or Debug sessions before launching. 
01:18:21.460 INFO  - microblaze_0 Processor is in use. Please stop existing Run or Debug sessions before launching. 
01:19:55.628 INFO  - microblaze_0 Processor is in use. Please stop existing Run or Debug sessions before launching. 
01:21:38.531 INFO  - microblaze_0 Processor is in use. Please stop existing Run or Debug sessions before launching. 
01:23:14.439 INFO  - microblaze_0 Processor is in use. Please stop existing Run or Debug sessions before launching. 
01:24:18.027 INFO  - microblaze_0 Processor is in use. Please stop existing Run or Debug sessions before launching. 
01:25:51.050 INFO  - microblaze_0 Processor is in use. Please stop existing Run or Debug sessions before launching. 
01:27:24.213 INFO  - microblaze_0 Processor is in use. Please stop existing Run or Debug sessions before launching. 
01:29:19.316 INFO  - microblaze_0 Processor is in use. Please stop existing Run or Debug sessions before launching. 
01:30:02.655 INFO  - microblaze_0 Processor is in use. Please stop existing Run or Debug sessions before launching. 
01:33:42.578 INFO  - microblaze_0 Processor is in use. Please stop existing Run or Debug sessions before launching. 
01:35:03.926 INFO  - microblaze_0 Processor is in use. Please stop existing Run or Debug sessions before launching. 
01:36:11.244 INFO  - microblaze_0 Processor is in use. Please stop existing Run or Debug sessions before launching. 
01:36:50.167 INFO  - microblaze_0 Processor is in use. Please stop existing Run or Debug sessions before launching. 
01:42:17.761 INFO  - microblaze_0 Processor is in use. Please stop existing Run or Debug sessions before launching. 
01:45:18.259 INFO  - microblaze_0 Processor is in use. Please stop existing Run or Debug sessions before launching. 
01:45:44.042 INFO  - microblaze_0 Processor is in use. Please stop existing Run or Debug sessions before launching. 
02:08:47.287 INFO  - microblaze_0 Processor is in use. Please stop existing Run or Debug sessions before launching. 
02:09:30.915 INFO  - microblaze_0 Processor is in use. Please stop existing Run or Debug sessions before launching. 
02:09:49.268 INFO  - microblaze_0 Processor is in use. Please stop existing Run or Debug sessions before launching. 
02:10:51.961 INFO  - microblaze_0 Processor is in use. Please stop existing Run or Debug sessions before launching. 
02:12:38.699 INFO  - microblaze_0 Processor is in use. Please stop existing Run or Debug sessions before launching. 
02:13:56.677 INFO  - microblaze_0 Processor is in use. Please stop existing Run or Debug sessions before launching. 
02:15:06.560 INFO  - microblaze_0 Processor is in use. Please stop existing Run or Debug sessions before launching. 
02:16:12.738 INFO  - microblaze_0 Processor is in use. Please stop existing Run or Debug sessions before launching. 
02:17:30.237 WARN  - Terminating existing sessions on processor microblaze_0 
02:17:33.336 INFO  - FPGA configured successfully with bitstream "C:/Users/mainuser/Desktop/School/CST345/FinalTry7/SDKWorkspace/BSB_hw_platform/download.bit" 
02:19:59.089 INFO  - microblaze_0 Processor is in use. Please stop existing Run or Debug sessions before launching. 
03:08:21.660 INFO  - FPGA configured successfully with bitstream "C:/Users/mainuser/Desktop/School/CST345/FinalTry7/SDKWorkspace/BSB_hw_platform/download.bit" 
03:10:53.382 INFO  - microblaze_0 Processor is in use. Please stop existing Run or Debug sessions before launching. 
03:11:40.960 INFO  - microblaze_0 Processor is in use. Please stop existing Run or Debug sessions before launching. 
03:14:12.473 INFO  - microblaze_0 Processor is in use. Please stop existing Run or Debug sessions before launching. 
03:15:20.246 INFO  - microblaze_0 Processor is in use. Please stop existing Run or Debug sessions before launching. 
03:15:39.219 INFO  - microblaze_0 Processor is in use. Please stop existing Run or Debug sessions before launching. 
03:16:12.738 INFO  - microblaze_0 Processor is in use. Please stop existing Run or Debug sessions before launching. 
03:16:57.021 INFO  - microblaze_0 Processor is in use. Please stop existing Run or Debug sessions before launching. 
03:22:06.474 INFO  - microblaze_0 Processor is in use. Please stop existing Run or Debug sessions before launching. 
03:24:32.342 INFO  - microblaze_0 Processor is in use. Please stop existing Run or Debug sessions before launching. 
03:25:55.185 INFO  - microblaze_0 Processor is in use. Please stop existing Run or Debug sessions before launching. 
03:26:14.958 INFO  - microblaze_0 Processor is in use. Please stop existing Run or Debug sessions before launching. 
03:27:59.092 INFO  - microblaze_0 Processor is in use. Please stop existing Run or Debug sessions before launching. 
03:29:04.440 INFO  - microblaze_0 Processor is in use. Please stop existing Run or Debug sessions before launching. 
03:29:13.698 INFO  - microblaze_0 Processor is in use. Please stop existing Run or Debug sessions before launching. 
03:29:51.696 INFO  - microblaze_0 Processor is in use. Please stop existing Run or Debug sessions before launching. 
03:31:42.914 INFO  - microblaze_0 Processor is in use. Please stop existing Run or Debug sessions before launching. 
03:32:40.672 INFO  - microblaze_0 Processor is in use. Please stop existing Run or Debug sessions before launching. 
03:35:04.320 INFO  - microblaze_0 Processor is in use. Please stop existing Run or Debug sessions before launching. 
03:36:29.493 INFO  - microblaze_0 Processor is in use. Please stop existing Run or Debug sessions before launching. 
03:42:12.212 INFO  - microblaze_0 Processor is in use. Please stop existing Run or Debug sessions before launching. 
03:47:32.060 INFO  - FPGA configured successfully with bitstream "C:/Users/mainuser/Desktop/School/CST345/FinalTry7/SDKWorkspace/BSB_hw_platform/download.bit" 
21:51:56.444 ERROR - Unable to disconnect from existing targets java.lang.NullPointerException
	at com.xilinx.sdk.targetmanager.internal.json.XMDJSONProcess.issueCommand(Unknown Source)
	at com.xilinx.sdk.targetmanager.internal.TM.disconnectTarget(Unknown Source)

21:52:00.831 ERROR - Unexpected error while fetching XMD's response:  java.net.SocketException: Connection reset
	at java.net.SocketInputStream.read(Unknown Source)
	at sun.nio.cs.StreamDecoder.readBytes(Unknown Source)

21:52:00.837 ERROR - Zero sized response read from XMD. This indicates a communication error or a programming error. 
