20:25:52.979 INFO  - Processing command line option -hwspec C:\Users\mainuser\Desktop\School\CST345\Lab05\SDK\SDK_Export\hw\system.xml. 
20:30:10.396 INFO  - Processing command line option -hwspec C:\Users\mainuser\Desktop\School\CST345\Lab05\SDK\SDK_Export\hw\system.xml. 
20:40:05.524 INFO  - FPGA configured successfully with bitstream "C:/Users/mainuser/Desktop/School/CST345/XilinxSDKWorkspace/Lab05_hw_platform/download.bit" 
20:40:49.781 ERROR - Unexpected error while fetching XMD's response:  java.net.SocketException: Connection reset
	at java.net.SocketInputStream.read(Unknown Source)
	at sun.nio.cs.StreamDecoder.readBytes(Unknown Source)

20:40:49.781 ERROR - Zero sized response read from XMD. This indicates a communication error or a programming error. 
20:40:58.705 ERROR - Unexpected error while issuing command {"command": "xfpga_isconfigured -cable type digilent_plugin"} to XMD: java.net.SocketException: Connection reset by peer: socket write error 
20:40:58.709 ERROR - Checking FPGA configuration failed.. 
20:41:21.611 ERROR - Unexpected error while issuing command {"command": "xdisconnect -cable"} to XMD: java.net.SocketException: Connection reset by peer: socket write error 
20:41:39.459 INFO  - Time out for XMD transaction is 60000
If you want to increase the timeout value, goto Windows-> Preferences -> Xilinx SDK -> XMD Startup 
20:41:39.459 ERROR - Timeout occured while waiting to get reply for command "set_cur_system_target" 
20:41:39.479 ERROR - Unexpected error while issuing command {"command": "xdisconnect -cable"} to XMD: java.net.SocketException: Connection reset by peer: socket write error 
20:42:31.711 ERROR - Unexpected error while issuing command {"command": "xdisconnect -cable"} to XMD: java.net.SocketException: Connection reset by peer: socket write error 
20:42:37.996 ERROR - Unexpected error while issuing command {"command": "xdisconnect -cable"} to XMD: java.net.SocketException: Connection reset by peer: socket write error 
20:46:40.360 INFO  - Processing command line option -hwspec C:\Users\mainuser\Desktop\School\CST345\Lab05\SDK\SDK_Export\hw\system.xml. 
20:47:03.821 INFO  - FPGA configured successfully with bitstream "C:/Users/mainuser/Desktop/School/CST345/XilinxSDKWorkspace/Lab05_hw_platform/download.bit" 
20:47:37.830 ERROR - Unexpected error while fetching XMD's response:  java.net.SocketException: Connection reset
	at java.net.SocketInputStream.read(Unknown Source)
	at sun.nio.cs.StreamDecoder.readBytes(Unknown Source)

20:47:37.834 ERROR - Zero sized response read from XMD. This indicates a communication error or a programming error. 
20:48:34.278 ERROR - Unexpected error while issuing command {"command": "xdisconnect -cable"} to XMD: java.net.SocketException: Connection reset by peer: socket write error 
20:49:23.511 INFO  - Processing command line option -hwspec C:\Users\mainuser\Desktop\School\CST345\Lab05\SDK\SDK_Export\hw\system.xml. 
20:49:45.073 INFO  - FPGA configured successfully with bitstream "C:/Users/mainuser/Desktop/School/CST345/XilinxSDKWorkspace/Lab05_hw_platform/download.bit" 
20:50:46.145 ERROR - Unexpected error while fetching XMD's response:  java.net.SocketException: Connection reset
	at java.net.SocketInputStream.read(Unknown Source)
	at sun.nio.cs.StreamDecoder.readBytes(Unknown Source)

20:50:46.149 ERROR - Zero sized response read from XMD. This indicates a communication error or a programming error. 
20:51:03.999 ERROR - Unexpected error while issuing command {"command": "xdisconnect -cable"} to XMD: java.net.SocketException: Connection reset by peer: socket write error 
20:51:48.193 INFO  - Processing command line option -hwspec C:\Users\mainuser\Desktop\School\CST345\Lab05\SDK\SDK_Export\hw\system.xml. 
20:52:10.589 INFO  - FPGA configured successfully with bitstream "C:/Users/mainuser/Desktop/School/CST345/XilinxSDKWorkspace/Lab05_hw_platform/download.bit" 
20:52:33.215 ERROR - Unexpected error while fetching XMD's response:  java.net.SocketException: Connection reset
	at java.net.SocketInputStream.read(Unknown Source)
	at sun.nio.cs.StreamDecoder.readBytes(Unknown Source)

20:52:33.215 ERROR - Zero sized response read from XMD. This indicates a communication error or a programming error. 
21:26:46.539 INFO  - Processing command line option -hwspec C:\Users\mainuser\Desktop\School\CST345\Lab05\SDK\SDK_Export\hw\system.xml. 
21:26:49.277 INFO  - The hardware specification for project 'Lab05_hw_platform' is different from C:\Users\mainuser\Desktop\School\CST345\Lab05\SDK\SDK_Export\hw\system.xml. 
21:26:49.644 INFO  - Copied contents of C:\Users\mainuser\Desktop\School\CST345\Lab05\SDK\SDK_Export\hw\system.xml into \Lab05_hw_platform\system.xml. 
21:26:49.650 INFO  - Copied contents of C:\Users\mainuser\Desktop\School\CST345\Lab05\SDK\SDK_Export\hw\system.bit into \Lab05_hw_platform\system.bit. 
21:26:49.653 INFO  - Copied contents of C:\Users\mainuser\Desktop\School\CST345\Lab05\SDK\SDK_Export\hw\system_bd.bmm into \Lab05_hw_platform\system_bd.bmm. 
21:26:49.962 INFO  - Synchronizing projects in the workspace with the hardware platform specification changes. 
21:26:54.625 INFO  - Updating hardware inferred compiler options for Lab05. 
21:26:54.676 INFO  - Clearing existing target manager status. 
21:28:11.895 INFO  - FPGA configured successfully with bitstream "C:/Users/mainuser/Desktop/School/CST345/XilinxSDKWorkspace/Lab05_hw_platform/download.bit" 
21:28:49.084 ERROR - Unexpected error while fetching XMD's response:  java.net.SocketException: Connection reset
	at java.net.SocketInputStream.read(Unknown Source)
	at sun.nio.cs.StreamDecoder.readBytes(Unknown Source)

21:28:49.087 ERROR - Zero sized response read from XMD. This indicates a communication error or a programming error. 
21:33:57.757 ERROR - Unexpected error while issuing command {"command": "xdisconnect -cable"} to XMD: java.net.SocketException: Connection reset by peer: socket write error 
22:24:53.050 INFO  - Processing command line option -hwspec C:\Users\mainuser\Desktop\School\CST345\XPS_nobutton\SDK\SDK_Export\hw\system.xml. 
22:24:55.643 INFO  - The hardware specification for project 'Lab05_hw_platform' is different from C:\Users\mainuser\Desktop\School\CST345\XPS_nobutton\SDK\SDK_Export\hw\system.xml. 
22:24:55.993 INFO  - Copied contents of C:\Users\mainuser\Desktop\School\CST345\XPS_nobutton\SDK\SDK_Export\hw\system.xml into \Lab05_hw_platform\system.xml. 
22:24:55.999 INFO  - Copied contents of C:\Users\mainuser\Desktop\School\CST345\XPS_nobutton\SDK\SDK_Export\hw\system.bit into \Lab05_hw_platform\system.bit. 
22:24:56.003 INFO  - Copied contents of C:\Users\mainuser\Desktop\School\CST345\XPS_nobutton\SDK\SDK_Export\hw\system_bd.bmm into \Lab05_hw_platform\system_bd.bmm. 
22:24:56.535 INFO  - Synchronizing projects in the workspace with the hardware platform specification changes. 
22:24:59.700 INFO  - Updating hardware inferred compiler options for Lab05. 
22:24:59.750 INFO  - Clearing existing target manager status. 
22:26:34.608 INFO  - FPGA configured successfully with bitstream "C:/Users/mainuser/Desktop/School/CST345/XilinxSDKWorkspace/Lab05_hw_platform/download.bit" 
22:26:44.759 ERROR - Unexpected error while fetching XMD's response:  java.net.SocketException: Connection reset
	at java.net.SocketInputStream.read(Unknown Source)
	at sun.nio.cs.StreamDecoder.readBytes(Unknown Source)

22:26:44.760 ERROR - Zero sized response read from XMD. This indicates a communication error or a programming error. 
22:26:52.270 ERROR - Unexpected error while issuing command {"command": "xfpga_isconfigured -cable type digilent_plugin"} to XMD: java.net.SocketException: Connection reset by peer: socket write error 
22:26:52.271 ERROR - Checking FPGA configuration failed.. 
22:30:28.998 ERROR - Unexpected error while issuing command {"command": "xfpga_isconfigured -cable type digilent_plugin"} to XMD: java.net.SocketException: Connection reset by peer: socket write error 
22:30:28.999 ERROR - Checking FPGA configuration failed.. 
22:30:39.395 ERROR - Unexpected error while issuing command {"command": "xdisconnect -cable"} to XMD: java.net.SocketException: Connection reset by peer: socket write error 
