KCPSM6 Assembler log file for program 'C:\Users\cal\Desktop\School\CST345\Lab03\picoblazeDemo\asm\simple.psm'.
Generated by KCPSM6 version v2.70
Ken Chapman - Xilinx Ltd - 16th May 2014

Assembly datestamp: 03 Feb 2015
Assembly timestamp: 21:34:18

Contents
  Assembly listing
  List of PSM files
  List of CONSTANTs
  List of TABLEs
  List of STRINGs
  List of line labels
  Instruction usage statistics


Last occupied address: 006 hex
Nominal program memory size: 1K (1024)   address(9:0)
Actual memory size: 4096
  (Default memory size)
Occupied memory locations: 7
Memory locations available: 4089


Assembly listing

 Addr Code                      Instruction

 000                            ; SIMPLE.psm
 000                            ;##########################################################################
 000                            ;## Company:            Oregon Institute of Technology
 000                            ;## Author(s):          Troy Scevers (troy.scevers@oit.edu)
 000                            ;##
 000                            ;## Creation Date:      1/26/2014
 000                            ;## Revision:           1
 000                            ;## Program Purpose:    Simple program for picoblaze to echo switches to
 000                            ;##                     LEDs
 000                            ;##########################################################################
 000                            ;## Assembler Directives
 000                            ;##########################################################################
 000                            CONSTANT SWITCHES, 01           ; Switches address = port 01 (input)
 000                            CONSTANT BUTTON, 02             ; Button address = port 02 (input)
 000                            CONSTANT LEDS, 01               ; LEDs address = port 01 (output)
 000                            ;##########################################################################
 000                            ; Main Program
 000                            ;##########################################################################
 000  09201               main: INPUT s2, 01[SWITCHES]          ; Read switches into s2 register
 001                            ; check if the switch is pressed, if it is, complement the switch data
 001                            ; first, load switch vale
 001  09302                     INPUT s3, 02[BUTTON]
 002  1D300                     COMPARE s3, 00
 003                            ;then compare it to the inactive value
 003  36005                     JUMP NZ, 005[no_button_pressed]
 004                            ;if the switch is not pressed,
 004  072FF                     XOR s2, FF                      ; Complement the switch Data
 005         no_button_pressed: 
 005  2D201                     OUTPUT s2, 01[LEDS]             ; Write the Data to the LEDs
 006  22000                     JUMP 000[main]                  ; Loop Back to top of main
 007                            ;##########################################################################


All unused memory locations contain zero (equivalent to 'LOAD s0, s0')



List of PSM files that have been assembled

C:\Users\cal\Desktop\School\CST345\Lab03\picoblazeDemo\asm\simple.psm



List of defined constants

 CONSTANT name     Value        Source PSM File

 timestamp_hours   21'd         
 timestamp_minutes 34'd         
 timestamp_seconds 18'd         
 datestamp_year    15'd         
 datestamp_month   2'd          
 datestamp_day     03'd         
 NUL               00           
 BEL               07           
 BS                08           
 HT                09           
 LF                0A           
 VT                0B           
 CR                0D           
 ESC               1B           
 DEL               7F           
 DCS               90           
 ST                9C           
 SWITCHES          01           simple.psm
 BUTTON            02           simple.psm
 LEDS              01           simple.psm



No TABLEs defined



List of text strings

 STRING name       String         Source PSM File

 KCPSM6_version$   "v2.70"        
 datestamp$        "03 Feb 2015"  
 timestamp$        "21:34:18"     



List of line labels

   Label               Addr  Source PSM File

   main                000   simple.psm
   no_button_pressed   005   simple.psm



Instruction usage statistics

 Instruction    Instances

 LOAD              -
 STAR              -

 AND               -
 OR                -
 XOR               1

 ADD               -
 ADDCY             -
 SUB               -
 SUBCY             -

 TEST              -
 TESTCY            -
 COMPARE           1
 COMPARECY         -

 SL0               -
 SL1               -
 SLX               -
 SLA               -
 RL                -
 SR0               -
 SR1               -
 SRX               -
 SRA               -
 RR                -

 REGBANK           -

 INPUT             2
 OUTPUT            1
 OUTPUTK           -

 STORE             -
 FETCH             -

 DISABLE           -
 ENABLE            -
 RETURNI           -

 JUMP              2
 JUMP@             -
 CALL              -
 CALL@             -
 RETURN            -
 LOAD&RETURN       -

 HWBUILD           -



End of KCPSM6 log file.
