
****** PlanAhead v14.7
  **** Build 321239 by xbuild on Fri Sep 27 19:31:35 MDT 2013
    ** Copyright 1986-1999, 2001-2013 Xilinx, Inc. All Rights Reserved.

INFO: [Common 17-78] Attempting to get a license: PlanAhead
INFO: [Common 17-290] Got license for PlanAhead
INFO: [Device 21-36] Loading parts and site information from C:/Xilinx/Xilinx/14.7/ISE_DS/PlanAhead/data/parts/arch.xml
Parsing RTL primitives file [C:/Xilinx/Xilinx/14.7/ISE_DS/PlanAhead/data/parts/xilinx/rtl/prims/rtl_prims.xml]
Finished parsing RTL primitives file [C:/Xilinx/Xilinx/14.7/ISE_DS/PlanAhead/data/parts/xilinx/rtl/prims/rtl_prims.xml]
start_gui
source C:/Users/cal/Desktop/School/CST345/CST345_Lab02/pa.fromHdl.tcl
# create_project -name CST345_Lab02 -dir "C:/Users/cal/Desktop/School/CST345/CST345_Lab02/planAhead_run_4" -part xc6slx16csg324-3
# set_param project.pinAheadLayout yes
# set srcset [get_property srcset [current_run -impl]]
# set_property target_constrs_file "Mux_disp.ucf" [current_fileset -constrset]
Adding file 'C:/Users/cal/Desktop/School/CST345/CST345_Lab02/Mux_disp.ucf' to fileset 'constrs_1'
# set hdlfile [add_files [list {Mux_disp.v}]]
# set_property file_type Verilog $hdlfile
# set_property library work $hdlfile
# set hdlfile [add_files [list {Flipflop4bit.v}]]
# set_property file_type Verilog $hdlfile
# set_property library work $hdlfile
# set hdlfile [add_files [list {Lab02_Toplevel.v}]]
# set_property file_type Verilog $hdlfile
# set_property library work $hdlfile
# set_property top Lab02_Toplevel $srcset
# add_files [list {Mux_disp.ucf}] -fileset [get_property constrset [current_run]]
# open_rtl_design -part xc6slx16csg324-3
Using Verific elaboration
Parsing VHDL file "C:/Xilinx/Xilinx/14.7/ISE_DS/PlanAhead/data/parts/xilinx/rtl/lib/synplify/synattr.vhd" into library synplify
Analyzing Verilog file "C:/Users/cal/Desktop/School/CST345/CST345_Lab02/Mux_disp.v" into library work
Analyzing Verilog file "C:/Users/cal/Desktop/School/CST345/CST345_Lab02/Flipflop4bit.v" into library work
Analyzing Verilog file "C:/Users/cal/Desktop/School/CST345/CST345_Lab02/Lab02_Toplevel.v" into library work
Loading clock regions from C:/Xilinx/Xilinx/14.7/ISE_DS/PlanAhead/data\parts/xilinx/spartan6/spartan6lx/xc6slx16/ClockRegion.xml
Loading clock buffers from C:/Xilinx/Xilinx/14.7/ISE_DS/PlanAhead/data\parts/xilinx/spartan6/spartan6lx/xc6slx16/ClockBuffers.xml
Loading package pin functions from C:/Xilinx/Xilinx/14.7/ISE_DS/PlanAhead/data\parts/xilinx/spartan6/PinFunctions.xml...
Loading package from C:/Xilinx/Xilinx/14.7/ISE_DS/PlanAhead/data\parts/xilinx/spartan6/spartan6lx/xc6slx16/csg324/Package.xml
Loading io standards from C:/Xilinx/Xilinx/14.7/ISE_DS/PlanAhead/data\./parts/xilinx/spartan6/IOStandards.xml
Loading device configuration modes from C:/Xilinx/Xilinx/14.7/ISE_DS/PlanAhead/data\parts/xilinx/spartan6/ConfigModes.xml
Loading list of drcs for the architecture : C:/Xilinx/Xilinx/14.7/ISE_DS/PlanAhead/data\./parts/xilinx/spartan6/drc.xml
Parsing UCF File [C:/Users/cal/Desktop/School/CST345/CST345_Lab02/Mux_disp.ucf]
Finished Parsing UCF File [C:/Users/cal/Desktop/School/CST345/CST345_Lab02/Mux_disp.ucf]
INFO: [Project 1-111] Unisim Transformation Summary:
No Unisim elements were transformed.

Phase 0 | Netlist Checksum: 21b4982f
open_rtl_design: Time (s): elapsed = 00:00:07 . Memory (MB): peak = 553.773 ; gain = 115.375
update_compile_order -fileset sim_1
exit
ERROR: [Common 17-39] 'stop_gui' failed due to earlier errors.
INFO: [Common 17-206] Exiting PlanAhead at Mon Jan 26 23:38:45 2015...
INFO: [Common 17-83] Releasing license: PlanAhead
