Release 14.7 - xst P.20131013 (nt64)
Copyright (c) 1995-2013 Xilinx, Inc.  All rights reserved.
--> Parameter TMPDIR set to xst/projnav.tmp


Total REAL time to Xst completion: 0.00 secs
Total CPU time to Xst completion: 0.13 secs
 
--> Parameter xsthdpdir set to xst


Total REAL time to Xst completion: 0.00 secs
Total CPU time to Xst completion: 0.13 secs
 
--> Reading design: Lab02_Toplevel.prj

TABLE OF CONTENTS
  1) Synthesis Options Summary
  2) HDL Parsing
  3) HDL Elaboration
  4) HDL Synthesis
       4.1) HDL Synthesis Report
  5) Advanced HDL Synthesis
       5.1) Advanced HDL Synthesis Report
  6) Low Level Synthesis
  7) Partition Report
  8) Design Summary
       8.1) Primitive and Black Box Usage
       8.2) Device utilization summary
       8.3) Partition Resource Summary
       8.4) Timing Report
            8.4.1) Clock Information
            8.4.2) Asynchronous Control Signals Information
            8.4.3) Timing Summary
            8.4.4) Timing Details
            8.4.5) Cross Clock Domains Report


=========================================================================
*                      Synthesis Options Summary                        *
=========================================================================
---- Source Parameters
Input File Name                    : "Lab02_Toplevel.prj"
Ignore Synthesis Constraint File   : NO

---- Target Parameters
Output File Name                   : "Lab02_Toplevel"
Output Format                      : NGC
Target Device                      : xc6slx16-3-csg324

---- Source Options
Top Module Name                    : Lab02_Toplevel
Automatic FSM Extraction           : YES
FSM Encoding Algorithm             : Auto
Safe Implementation                : No
FSM Style                          : LUT
RAM Extraction                     : Yes
RAM Style                          : Auto
ROM Extraction                     : Yes
Shift Register Extraction          : YES
ROM Style                          : Auto
Resource Sharing                   : YES
Asynchronous To Synchronous        : NO
Shift Register Minimum Size        : 2
Use DSP Block                      : Auto
Automatic Register Balancing       : No

---- Target Options
LUT Combining                      : Auto
Reduce Control Sets                : Auto
Add IO Buffers                     : YES
Global Maximum Fanout              : 100000
Add Generic Clock Buffer(BUFG)     : 16
Register Duplication               : YES
Optimize Instantiated Primitives   : NO
Use Clock Enable                   : Auto
Use Synchronous Set                : Auto
Use Synchronous Reset              : Auto
Pack IO Registers into IOBs        : Auto
Equivalent register Removal        : YES

---- General Options
Optimization Goal                  : Speed
Optimization Effort                : 1
Power Reduction                    : NO
Keep Hierarchy                     : No
Netlist Hierarchy                  : As_Optimized
RTL Output                         : Yes
Global Optimization                : AllClockNets
Read Cores                         : YES
Write Timing Constraints           : NO
Cross Clock Analysis               : NO
Hierarchy Separator                : /
Bus Delimiter                      : <>
Case Specifier                     : Maintain
Slice Utilization Ratio            : 100
BRAM Utilization Ratio             : 100
DSP48 Utilization Ratio            : 100
Auto BRAM Packing                  : NO
Slice Utilization Ratio Delta      : 5

=========================================================================


=========================================================================
*                          HDL Parsing                                  *
=========================================================================
Analyzing Verilog file "C:\Users\cal\Desktop\School\CST345\CST345_Lab02\Mux_disp.v" into library work
Parsing module <Mux_disp>.
Analyzing Verilog file "C:\Users\cal\Desktop\School\CST345\CST345_Lab02\Flipflop4bit.v" into library work
Parsing module <FF5bit>.
Analyzing Verilog file "C:\Users\cal\Desktop\School\CST345\CST345_Lab02\Lab02_Toplevel.v" into library work
Parsing module <Lab02_Toplevel>.

=========================================================================
*                            HDL Elaboration                            *
=========================================================================

Elaborating module <Lab02_Toplevel>.

Elaborating module <FF5bit>.

Elaborating module <Mux_disp>.
WARNING:HDLCompiler:413 - "C:\Users\cal\Desktop\School\CST345\CST345_Lab02\Mux_disp.v" Line 66: Result of 3-bit expression is truncated to fit in 2-bit target.

=========================================================================
*                           HDL Synthesis                               *
=========================================================================

Synthesizing Unit <Lab02_Toplevel>.
    Related source file is "C:\Users\cal\Desktop\School\CST345\CST345_Lab02\Lab02_Toplevel.v".
    Summary:
	no macro.
Unit <Lab02_Toplevel> synthesized.

Synthesizing Unit <FF5bit>.
    Related source file is "C:\Users\cal\Desktop\School\CST345\CST345_Lab02\Flipflop4bit.v".
    Found 5-bit register for signal <q>.
    Summary:
	inferred   5 D-type flip-flop(s).
Unit <FF5bit> synthesized.

Synthesizing Unit <Mux_disp>.
    Related source file is "C:\Users\cal\Desktop\School\CST345\CST345_Lab02\Mux_disp.v".
    Found 2-bit register for signal <sel>.
    Found 2-bit adder for signal <sel[1]_GND_3_o_add_0_OUT> created at line 66.
    Found 4x4-bit Read Only RAM for signal <_n0033>
    Found 16x7-bit Read Only RAM for signal <_n0050>
    Found 5-bit 4-to-1 multiplexer for signal <MuxOut> created at line 86.
    Summary:
	inferred   2 RAM(s).
	inferred   1 Adder/Subtractor(s).
	inferred   2 D-type flip-flop(s).
	inferred   1 Multiplexer(s).
Unit <Mux_disp> synthesized.

=========================================================================
HDL Synthesis Report

Macro Statistics
# RAMs                                                 : 2
 16x7-bit single-port Read Only RAM                    : 1
 4x4-bit single-port Read Only RAM                     : 1
# Adders/Subtractors                                   : 1
 2-bit adder                                           : 1
# Registers                                            : 5
 2-bit register                                        : 1
 5-bit register                                        : 4
# Multiplexers                                         : 1
 5-bit 4-to-1 multiplexer                              : 1

=========================================================================

=========================================================================
*                       Advanced HDL Synthesis                          *
=========================================================================


Synthesizing (advanced) Unit <Mux_disp>.
The following registers are absorbed into counter <sel>: 1 register on signal <sel>.
INFO:Xst:3218 - HDL ADVISOR - The RAM <Mram__n0033> will be implemented on LUTs either because you have described an asynchronous read or because of currently unsupported block RAM features. If you have described an asynchronous read, making it synchronous would allow you to take advantage of available block RAM resources, for optimized device usage and improved timings. Please refer to your documentation for coding guidelines.
    -----------------------------------------------------------------------
    | ram_type           | Distributed                         |          |
    -----------------------------------------------------------------------
    | Port A                                                              |
    |     aspect ratio   | 4-word x 4-bit                      |          |
    |     weA            | connected to signal <GND>           | high     |
    |     addrA          | connected to signal <sel>           |          |
    |     diA            | connected to signal <GND>           |          |
    |     doA            | connected to internal node          |          |
    -----------------------------------------------------------------------
INFO:Xst:3218 - HDL ADVISOR - The RAM <Mram__n0050> will be implemented on LUTs either because you have described an asynchronous read or because of currently unsupported block RAM features. If you have described an asynchronous read, making it synchronous would allow you to take advantage of available block RAM resources, for optimized device usage and improved timings. Please refer to your documentation for coding guidelines.
    -----------------------------------------------------------------------
    | ram_type           | Distributed                         |          |
    -----------------------------------------------------------------------
    | Port A                                                              |
    |     aspect ratio   | 16-word x 7-bit                     |          |
    |     weA            | connected to signal <GND>           | high     |
    |     addrA          | connected to signal <MuxOut<4:1>>   |          |
    |     diA            | connected to signal <GND>           |          |
    |     doA            | connected to internal node          |          |
    -----------------------------------------------------------------------
Unit <Mux_disp> synthesized (advanced).

=========================================================================
Advanced HDL Synthesis Report

Macro Statistics
# RAMs                                                 : 2
 16x7-bit single-port distributed Read Only RAM        : 1
 4x4-bit single-port distributed Read Only RAM         : 1
# Counters                                             : 1
 2-bit up counter                                      : 1
# Registers                                            : 20
 Flip-Flops                                            : 20
# Multiplexers                                         : 1
 5-bit 4-to-1 multiplexer                              : 1

=========================================================================

=========================================================================
*                         Low Level Synthesis                           *
=========================================================================

Optimizing unit <Lab02_Toplevel> ...

Mapping all equations...
Building and optimizing final netlist ...
Found area constraint ratio of 100 (+ 5) on block Lab02_Toplevel, actual ratio is 0.

Final Macro Processing ...

=========================================================================
Final Register Report

Macro Statistics
# Registers                                            : 22
 Flip-Flops                                            : 22

=========================================================================

=========================================================================
*                           Partition Report                            *
=========================================================================

Partition Implementation Status
-------------------------------

  No Partitions were found in this design.

-------------------------------

=========================================================================
*                            Design Summary                             *
=========================================================================

Top Level Output File Name         : Lab02_Toplevel.ngc

Primitive and Black Box Usage:
------------------------------
# BELS                             : 18
#      INV                         : 1
#      LUT2                        : 5
#      LUT4                        : 7
#      LUT6                        : 5
# FlipFlops/Latches                : 22
#      FDC                         : 2
#      FDRE_1                      : 20
# Clock Buffers                    : 1
#      BUFGP                       : 1
# IO Buffers                       : 22
#      IBUF                        : 10
#      OBUF                        : 12

Device utilization summary:
---------------------------

Selected Device : 6slx16csg324-3 


Slice Logic Utilization: 
 Number of Slice Registers:              22  out of  18224     0%  
 Number of Slice LUTs:                   18  out of   9112     0%  
    Number used as Logic:                18  out of   9112     0%  

Slice Logic Distribution: 
 Number of LUT Flip Flop pairs used:     28
   Number with an unused Flip Flop:       6  out of     28    21%  
   Number with an unused LUT:            10  out of     28    35%  
   Number of fully used LUT-FF pairs:    12  out of     28    42%  
   Number of unique control sets:         5

IO Utilization: 
 Number of IOs:                          23
 Number of bonded IOBs:                  23  out of    232     9%  

Specific Feature Utilization:
 Number of BUFG/BUFGCTRLs:                1  out of     16     6%  

---------------------------
Partition Resource Summary:
---------------------------

  No Partitions were found in this design.

---------------------------


=========================================================================
Timing Report

NOTE: THESE TIMING NUMBERS ARE ONLY A SYNTHESIS ESTIMATE.
      FOR ACCURATE TIMING INFORMATION PLEASE REFER TO THE TRACE REPORT
      GENERATED AFTER PLACE-and-ROUTE.

Clock Information:
------------------
-----------------------------------+------------------------+-------+
Clock Signal                       | Clock buffer(FF name)  | Load  |
-----------------------------------+------------------------+-------+
clk                                | BUFGP                  | 22    |
-----------------------------------+------------------------+-------+

Asynchronous Control Signals Information:
----------------------------------------
No asynchronous control signals found in this design

Timing Summary:
---------------
Speed Grade: -3

   Minimum period: 2.216ns (Maximum Frequency: 451.233MHz)
   Minimum input arrival time before clock: 2.785ns
   Maximum output required time after clock: 6.271ns
   Maximum combinational path delay: No path found

Timing Details:
---------------
All values displayed in nanoseconds (ns)

=========================================================================
Timing constraint: Default period analysis for Clock 'clk'
  Clock period: 2.216ns (frequency: 451.233MHz)
  Total number of paths / destination ports: 3 / 2
-------------------------------------------------------------------------
Delay:               2.216ns (Levels of Logic = 1)
  Source:            MuxDisplay/sel_0 (FF)
  Destination:       MuxDisplay/sel_0 (FF)
  Source Clock:      clk rising
  Destination Clock: clk rising

  Data Path: MuxDisplay/sel_0 to MuxDisplay/sel_0
                                Gate     Net
    Cell:in->out      fanout   Delay   Delay  Logical Name (Net Name)
    ----------------------------------------  ------------
     FDC:C->Q             11   0.447   0.882  MuxDisplay/sel_0 (MuxDisplay/sel_0)
     INV:I->O              1   0.206   0.579  MuxDisplay/Mcount_sel_xor<0>11_INV_0 (Result<0>)
     FDC:D                     0.102          MuxDisplay/sel_0
    ----------------------------------------
    Total                      2.216ns (0.755ns logic, 1.461ns route)
                                       (34.1% logic, 65.9% route)

=========================================================================
Timing constraint: Default OFFSET IN BEFORE for Clock 'clk'
  Total number of paths / destination ports: 62 / 62
-------------------------------------------------------------------------
Offset:              2.785ns (Levels of Logic = 1)
  Source:            MiddleButton (PAD)
  Destination:       lat3/q_4 (FF)
  Destination Clock: clk falling

  Data Path: MiddleButton to lat3/q_4
                                Gate     Net
    Cell:in->out      fanout   Delay   Delay  Logical Name (Net Name)
    ----------------------------------------  ------------
     IBUF:I->O            22   1.222   1.133  MiddleButton_IBUF (MiddleButton_IBUF)
     FDRE_1:R                  0.430          lat3/q_0
    ----------------------------------------
    Total                      2.785ns (1.652ns logic, 1.133ns route)
                                       (59.3% logic, 40.7% route)

=========================================================================
Timing constraint: Default OFFSET OUT AFTER for Clock 'clk'
  Total number of paths / destination ports: 182 / 12
-------------------------------------------------------------------------
Offset:              6.271ns (Levels of Logic = 3)
  Source:            MuxDisplay/sel_0 (FF)
  Destination:       a (PAD)
  Source Clock:      clk rising

  Data Path: MuxDisplay/sel_0 to a
                                Gate     Net
    Cell:in->out      fanout   Delay   Delay  Logical Name (Net Name)
    ----------------------------------------  ------------
     FDC:C->Q             11   0.447   1.247  MuxDisplay/sel_0 (MuxDisplay/sel_0)
     LUT6:I0->O            7   0.203   1.021  MuxDisplay/Mmux_MuxOut11 (MuxDisplay/MuxOut<1>)
     LUT4:I0->O            1   0.203   0.579  MuxDisplay/Mram__n005041 (e_OBUF)
     OBUF:I->O                 2.571          e_OBUF (e)
    ----------------------------------------
    Total                      6.271ns (3.424ns logic, 2.847ns route)
                                       (54.6% logic, 45.4% route)

=========================================================================

Cross Clock Domains Report:
--------------------------

Clock to Setup on destination clock clk
---------------+---------+---------+---------+---------+
               | Src:Rise| Src:Fall| Src:Rise| Src:Fall|
Source Clock   |Dest:Rise|Dest:Rise|Dest:Fall|Dest:Fall|
---------------+---------+---------+---------+---------+
clk            |    2.216|         |         |         |
---------------+---------+---------+---------+---------+

=========================================================================


Total REAL time to Xst completion: 5.00 secs
Total CPU time to Xst completion: 4.99 secs
 
--> 

Total memory usage is 237808 kilobytes

Number of errors   :    0 (   0 filtered)
Number of warnings :    1 (   0 filtered)
Number of infos    :    2 (   0 filtered)

